0 info it worked if it ends with ok
1 verbose cli [ '/usr/local/bin/node', '/usr/local/bin/npm', 'publish' ]
2 info using npm@3.10.10
3 info using node@v6.11.1
4 verbose publish [ '.' ]
5 silly cache add args [ '.', null ]
6 verbose cache add spec .
7 silly cache add parsed spec Result {
7 silly cache add   raw: '.',
7 silly cache add   scope: null,
7 silly cache add   escapedName: null,
7 silly cache add   name: null,
7 silly cache add   rawSpec: '.',
7 silly cache add   spec: '/Users/liudong/yej',
7 silly cache add   type: 'directory' }
8 verbose addLocalDirectory /Users/liudong/.npm/yej/1.0.1/package.tgz not in flight; packing
9 verbose correctMkdir /Users/liudong/.npm correctMkdir not in flight; initializing
10 info lifecycle yej@1.0.1~prepublish: yej@1.0.1
11 silly lifecycle yej@1.0.1~prepublish: no script for prepublish, continuing
12 verbose tar pack [ '/Users/liudong/.npm/yej/1.0.1/package.tgz',
12 verbose tar pack   '/Users/liudong/yej' ]
13 verbose tarball /Users/liudong/.npm/yej/1.0.1/package.tgz
14 verbose folder /Users/liudong/yej
15 verbose addLocalTarball adding from inside cache /Users/liudong/.npm/yej/1.0.1/package.tgz
16 verbose correctMkdir /Users/liudong/.npm correctMkdir not in flight; initializing
17 silly cache afterAdd yej@1.0.1
18 verbose afterAdd /Users/liudong/.npm/yej/1.0.1/package/package.json not in flight; writing
19 verbose correctMkdir /Users/liudong/.npm correctMkdir not in flight; initializing
20 verbose afterAdd /Users/liudong/.npm/yej/1.0.1/package/package.json written
21 silly publish { name: 'yej',
21 silly publish   version: '1.0.1',
21 silly publish   description: 'react-cli',
21 silly publish   main: 'index.js',
21 silly publish   scripts: { test: 'echo "Error: no test specified" && exit 1' },
21 silly publish   repository:
21 silly publish    { type: 'git',
21 silly publish      url: 'git+https://github.com/morepowerful/yej.git' },
21 silly publish   author: { name: 'morepowerful' },
21 silly publish   license: 'ISC',
21 silly publish   devDependencies:
21 silly publish    { chalk: '^2.1.0',
21 silly publish      commander: '^2.11.0',
21 silly publish      download: '^6.2.5',
21 silly publish      inquirer: '^3.2.1',
21 silly publish      unzip: '^0.1.11' },
21 silly publish   readme: '## Usage\n\n- Generate a boilerplate.\n\n```bash\n$ yej init\n```\n\n- Install the dependencies.\n\n```bash\n$ cd xx(the project path)\n$ yej install\n```\n\n- Start a local dev server.\n\n```bash\n$ yej server\n```\n> It will listen to the port 8080\n\n- Build project.\n\n```bash\n$ yej build\n```\n',
21 silly publish   readmeFilename: 'readme.md',
21 silly publish   gitHead: 'a70c6a8d0ff539c7c1fbe60a184889288ff18429',
21 silly publish   bugs: { url: 'https://github.com/morepowerful/yej/issues' },
21 silly publish   homepage: 'https://github.com/morepowerful/yej#readme',
21 silly publish   _id: 'yej@1.0.1',
21 silly publish   _shasum: '5376a79ad59b61499955f7982969f0fde69fc44b',
21 silly publish   _from: '.' }
22 verbose getPublishConfig undefined
23 silly mapToRegistry name yej
24 silly mapToRegistry using default registry
25 silly mapToRegistry registry https://registry.npmjs.org/
26 silly mapToRegistry data Result {
26 silly mapToRegistry   raw: 'yej',
26 silly mapToRegistry   scope: null,
26 silly mapToRegistry   escapedName: 'yej',
26 silly mapToRegistry   name: 'yej',
26 silly mapToRegistry   rawSpec: '',
26 silly mapToRegistry   spec: 'latest',
26 silly mapToRegistry   type: 'tag' }
27 silly mapToRegistry uri https://registry.npmjs.org/yej
28 verbose publish registryBase https://registry.npmjs.org/
29 silly publish uploading /Users/liudong/.npm/yej/1.0.1/package.tgz
30 verbose request uri https://registry.npmjs.org/yej
31 verbose request sending authorization for write operation
32 info attempt registry request try #1 at 14:40:18
33 verbose request using bearer token for auth
34 verbose request id 08c006a56e3253c2
35 http request PUT https://registry.npmjs.org/yej
36 http 403 https://registry.npmjs.org/yej
37 verbose headers { 'content-type': 'application/json',
37 verbose headers   'cache-control': 'max-age=300',
37 verbose headers   'content-length': '104',
37 verbose headers   'accept-ranges': 'bytes',
37 verbose headers   date: 'Tue, 15 Aug 2017 06:40:24 GMT',
37 verbose headers   via: '1.1 varnish',
37 verbose headers   connection: 'keep-alive',
37 verbose headers   'x-served-by': 'cache-nrt6126-NRT',
37 verbose headers   'x-cache': 'MISS',
37 verbose headers   'x-cache-hits': '0',
37 verbose headers   'x-timer': 'S1502779224.502211,VS0,VE633',
37 verbose headers   vary: 'Accept-Encoding, Accept' }
38 verbose request invalidating /Users/liudong/.npm/registry.npmjs.org/yej on PUT
39 error publish Failed PUT 403
40 verbose stack Error: you must verify your email before publishing a new package: https://www.npmjs.com/email-edit : yej
40 verbose stack     at makeError (/usr/local/lib/node_modules/npm/node_modules/npm-registry-client/lib/request.js:302:12)
40 verbose stack     at CachingRegistryClient.<anonymous> (/usr/local/lib/node_modules/npm/node_modules/npm-registry-client/lib/request.js:290:14)
40 verbose stack     at Request._callback (/usr/local/lib/node_modules/npm/node_modules/npm-registry-client/lib/request.js:210:14)
40 verbose stack     at Request.self.callback (/usr/local/lib/node_modules/npm/node_modules/request/request.js:187:22)
40 verbose stack     at emitTwo (events.js:106:13)
40 verbose stack     at Request.emit (events.js:191:7)
40 verbose stack     at Request.<anonymous> (/usr/local/lib/node_modules/npm/node_modules/request/request.js:1048:10)
40 verbose stack     at emitOne (events.js:96:13)
40 verbose stack     at Request.emit (events.js:188:7)
40 verbose stack     at IncomingMessage.<anonymous> (/usr/local/lib/node_modules/npm/node_modules/request/request.js:969:12)
41 verbose statusCode 403
42 verbose pkgid yej
43 verbose cwd /Users/liudong/yej
44 error Darwin 16.6.0
45 error argv "/usr/local/bin/node" "/usr/local/bin/npm" "publish"
46 error node v6.11.1
47 error npm  v3.10.10
48 error code E403
49 error you must verify your email before publishing a new package: https://www.npmjs.com/email-edit : yej
50 error If you need help, you may report this error at:
50 error     <https://github.com/npm/npm/issues>
51 verbose exit [ 1, true ]
